<?xml version="1.0" encoding="UTF-8"?>
<!-- Generated by org.testng.reporters.JUnitReportReporter -->
<testsuite skipped="0" hostname="Tahboub-PC" name="automationFramework.ViewComputer" tests="1" failures="0" timestamp="13 Oct 2017 18:51:34 GMT" time="4.498" errors="0">
  <testcase name="main" time="4.498" classname="automationFramework.ViewComputer"/>
</testsuite> <!-- automationFramework.ViewComputer -->
