<?xml version="1.0" encoding="UTF-8"?>
<!-- Generated by org.testng.reporters.JUnitReportReporter -->
<testsuite skipped="0" hostname="Tahboub-PC" name="automationFramework.NewComputer" tests="1" failures="0" timestamp="13 Oct 2017 18:51:34 GMT" time="6.479" errors="0">
  <testcase name="main" time="6.479" classname="automationFramework.NewComputer"/>
</testsuite> <!-- automationFramework.NewComputer -->
