<?xml version="1.0" encoding="UTF-8"?>
<!-- Generated by org.testng.reporters.JUnitReportReporter -->
<testsuite skipped="0" hostname="Tahboub-PC" name="automationFramework.UpdateComputer" tests="1" failures="0" timestamp="13 Oct 2017 18:51:34 GMT" time="5.430" errors="0">
  <testcase name="main" time="5.430" classname="automationFramework.UpdateComputer"/>
</testsuite> <!-- automationFramework.UpdateComputer -->
